Using pre-set license
Built from '2020.3/release' branch; Version is '2020.3.1f1 (77a89f25062f) revision 7841951'; Using compiler version '192528614'; Build Type 'Release'
OS: 'Windows 10 Pro Education; OS build 19042.1466; Version 2009; 64bit' Language: 'es' Physical Memory: 16296 MB
BatchMode: 1, IsHumanControllingUs: 0, StartBugReporterOnCrash: 0, Is64bit: 1, IsPro: 0

 COMMAND LINE ARGUMENTS:
C:\Program Files\Unity\Hub\Editor\2020.3.1f1\Editor\Unity.exe
-adb2
-batchMode
-noUpm
-name
AssetImportWorker0
-projectPath
C:/Users/ani/Desktop/ZapataNuria_PR4/My project
-logFile
Logs/AssetImportWorker0.log
-srvPort
61124
Successfully changed project path to: C:/Users/ani/Desktop/ZapataNuria_PR4/My project
C:/Users/ani/Desktop/ZapataNuria_PR4/My project
Using Asset Import Pipeline V2.
Refreshing native plugins compatible for Editor in 54.88 ms, found 0 plugins.
Preloading 0 native plugins for Editor in 0.00 ms.
Initialize engine version: 2020.3.1f1 (77a89f25062f)
[Subsystems] Discovering subsystems at path C:/Program Files/Unity/Hub/Editor/2020.3.1f1/Editor/Data/Resources/UnitySubsystems
[Subsystems] Discovering subsystems at path C:/Users/ani/Desktop/ZapataNuria_PR4/My project/Assets
GfxDevice: creating device client; threaded=0
Direct3D:
    Version:  Direct3D 11.0 [level 11.1]
    Renderer: NVIDIA GeForce GTX 1660 SUPER (ID=0x21c4)
    Vendor:   
    VRAM:     5991 MB
    Driver:   27.21.14.5730
Shader 'Universal Render Pipeline/Particles/Lit': fallback shader 'Universal Render Pipeline/Particles/SimpleLit' not found
Initialize mono
Mono path[0] = 'C:/Program Files/Unity/Hub/Editor/2020.3.1f1/Editor/Data/Managed'
Mono path[1] = 'C:/Program Files/Unity/Hub/Editor/2020.3.1f1/Editor/Data/MonoBleedingEdge/lib/mono/unityjit'
Mono config path = 'C:/Program Files/Unity/Hub/Editor/2020.3.1f1/Editor/Data/MonoBleedingEdge/etc'
Using monoOptions --debugger-agent=transport=dt_socket,embedding=1,server=y,suspend=n,address=127.0.0.1:56976
Begin MonoManager ReloadAssembly
Registering precompiled unity dll's ...
Register platform support module: C:/Program Files/Unity/Hub/Editor/2020.3.1f1/Editor/Data/PlaybackEngines/WindowsStandaloneSupport/UnityEditor.WindowsStandalone.Extensions.dll
Registered in 0.001483 seconds.
Native extension for WindowsStandalone target not found
Refreshing native plugins compatible for Editor in 48.66 ms, found 0 plugins.
Preloading 0 native plugins for Editor in 0.00 ms.
Invoked RoslynAnalysisRunner static constructor.
RoslynAnalysisRunner will not be running.
RoslynAnalysisRunner has terminated.
Mono: successfully reloaded assembly
- Completed reload, in  1.478 seconds
Platform modules already initialized, skipping
Registering precompiled user dll's ...
Registered in 0.001139 seconds.
Begin MonoManager ReloadAssembly
Native extension for WindowsStandalone target not found
Refreshing native plugins compatible for Editor in 51.41 ms, found 0 plugins.
Preloading 0 native plugins for Editor in 0.00 ms.
Invoked RoslynAnalysisRunner static constructor.
RoslynAnalysisRunner will not be running.
RoslynAnalysisRunner has terminated.
Mono: successfully reloaded assembly
- Completed reload, in  1.125 seconds
Platform modules already initialized, skipping
========================================================================
Worker process is ready to serve import requests
Shader 'Universal Render Pipeline/Particles/Lit': fallback shader 'Universal Render Pipeline/Particles/SimpleLit' not found
Launched and connected shader compiler UnityShaderCompiler.exe after 0.03 seconds
Refreshing native plugins compatible for Editor in 0.47 ms, found 0 plugins.
Preloading 0 native plugins for Editor in 0.00 ms.
Unloading 3064 Unused Serialized files (Serialized files now loaded: 0)
System memory in use before: 141.9 MB.
System memory in use after: 142.1 MB.

Unloading 24 unused Assets to reduce memory usage. Loaded Objects now: 3519.
Total: 2.444300 ms (FindLiveObjects: 0.448200 ms CreateObjectMapping: 0.158700 ms MarkObjects: 1.706000 ms  DeleteObjects: 0.122800 ms)

========================================================================
Received Import Request.
  path: Assets/Personajes/zomby/ZombieController.controller
  artifactKey: Guid(93e0a9cdcfe08a24ea762c9c43fbc106) Importer(815301076,1909f56bfc062723c751e8b465ee728b)
Start importing Assets/Personajes/zomby/ZombieController.controller using Guid(93e0a9cdcfe08a24ea762c9c43fbc106) Importer(815301076,1909f56bfc062723c751e8b465ee728b)  -> (artifact id: '3645734ef27a5c1352bd24a9106ee2e4') in 0.026361 seconds
  Import took 0.030554 seconds .

========================================================================
Received Prepare
Registering precompiled user dll's ...
Registered in 0.001149 seconds.
Begin MonoManager ReloadAssembly
Native extension for WindowsStandalone target not found
Refreshing native plugins compatible for Editor in 0.53 ms, found 0 plugins.
Preloading 0 native plugins for Editor in 0.00 ms.
Invoked RoslynAnalysisRunner static constructor.
RoslynAnalysisRunner will not be running.
RoslynAnalysisRunner has terminated.
Mono: successfully reloaded assembly
- Completed reload, in  1.010 seconds
Platform modules already initialized, skipping
Shader 'Universal Render Pipeline/Particles/Lit': fallback shader 'Universal Render Pipeline/Particles/SimpleLit' not found
Refreshing native plugins compatible for Editor in 0.47 ms, found 0 plugins.
Preloading 0 native plugins for Editor in 0.00 ms.
Unloading 2913 Unused Serialized files (Serialized files now loaded: 0)
System memory in use before: 133.0 MB.
System memory in use after: 133.2 MB.

Unloading 7 unused Assets to reduce memory usage. Loaded Objects now: 3522.
Total: 2.208100 ms (FindLiveObjects: 0.262700 ms CreateObjectMapping: 0.123400 ms MarkObjects: 1.720600 ms  DeleteObjects: 0.100700 ms)

========================================================================
Received Import Request.
  Time since last request: 82.327856 seconds.
  path: Assets/Personajes/zomby/ZombieController.controller
  artifactKey: Guid(93e0a9cdcfe08a24ea762c9c43fbc106) Importer(815301076,1909f56bfc062723c751e8b465ee728b)
Start importing Assets/Personajes/zomby/ZombieController.controller using Guid(93e0a9cdcfe08a24ea762c9c43fbc106) Importer(815301076,1909f56bfc062723c751e8b465ee728b)  -> (artifact id: '9d0939961e4be3d14b9168eae2571167') in 0.023116 seconds
  Import took 0.027374 seconds .

AssetImportWorkerClient::OnTransportError - code=2 error=End of file
